   Domain Name: FB.COM
   Registry Domain ID: 426007_DOMAIN_COM-VRSN
   Registrar WHOIS Server: whois.registrarsafe.com
   Registrar URL: http://www.registrarsafe.com
   Updated Date: 2018-07-03T18:27:26Z
   Creation Date: 1990-05-22T04:00:00Z
   Registry Expiry Date: 2028-05-23T04:00:00Z
   Registrar: RegistrarSafe, LLC
   Registrar IANA ID: 3237
   Registrar Abuse Contact Email: abusecomplaints@registrarsafe.com
   Registrar Abuse Contact Phone: +1-650-308-7004
   Domain Status: clientDeleteProhibited https://icann.org/epp#clientDeleteProhibited
   Domain Status: clientTransferProhibited https://icann.org/epp#clientTransferProhibited
   Domain Status: clientUpdateProhibited https://icann.org/epp#clientUpdateProhibited
   Domain Status: serverDeleteProhibited https://icann.org/epp#serverDeleteProhibited
   Domain Status: serverTransferProhibited https://icann.org/epp#serverTransferProhibited
   Domain Status: serverUpdateProhibited https://icann.org/epp#serverUpdateProhibited
   Name Server: A.NS.FACEBOOK.COM
   Name Server: B.NS.FACEBOOK.COM
   DNSSEC: unsigned
   URL of the ICANN Whois Inaccuracy Complaint Form: https://www.icann.org/wicf/
>>> Last update of whois database: 2019-05-27T04:45:55Z <<<

For more information on Whois status codes, please visit https://icann.org/epp

NOTICE: The expiration date displayed in this record is the date the
registrar's sponsorship of the domain name registration in the registry is
currently set to expire. This date does not necessarily reflect the expiration
date of the domain name registrant's agreement with the sponsoring
registrar.  Users may consult the sponsoring registrar's Whois database to
view the registrar's reported date of expiration for this registration.

TERMS OF USE: You are not authorized to access or query our Whois
database through the use of electronic processes that are high-volume and
automated except as reasonably necessary to register domain names or
modify existing registrations; the Data in VeriSign Global Registry
Services' ("VeriSign") Whois database is provided by VeriSign for
information purposes only, and to assist persons in obtaining information
about or related to a domain name registration record. VeriSign does not
guarantee its accuracy. By submitting a Whois query, you agree to abide
by the following terms of use: You agree that you may use this Data only
for lawful purposes and that under no circumstances will you use this Data
to: (1) allow, enable, or otherwise support the transmission of mass
unsolicited, commercial advertising or solicitations via e-mail, telephone,
or facsimile; or (2) enable high volume, automated, electronic processes
that apply to VeriSign (or its computer systems). The compilation,
repackaging, dissemination or other use of this Data is expressly
prohibited without the prior written consent of VeriSign. You agree not to
use electronic processes that are automated and high-volume to access or
query the Whois database except as reasonably necessary to register
domain names or modify existing registrations. VeriSign reserves the right
to restrict your access to the Whois database in its sole discretion to ensure
operational stability.  VeriSign may restrict or terminate your access to the
Whois database for failure to abide by these terms of use. VeriSign
reserves the right to modify these terms at any time.

The Registry database contains ONLY .COM, .NET, .EDU domains and
Registrars.
Domain Name: FB.COM
Registry Domain ID: 426007_DOMAIN_COM-VRSN
Registrar WHOIS Server: whois.registrarsafe.com
Registrar URL: https://www.registrarsafe.com
Updated Date: 2018-07-03T18:27:26Z
Creation Date: 1990-05-22T04:00:00Z
Registrar Registration Expiration Date: 2028-05-23T04:00:00Z
Registrar: RegistrarSafe, LLC
Registrar IANA ID: 3237
Registrar Abuse Contact Email: abusecomplaints@registrarsafe.com
Registrar Abuse Contact Phone: +1.6503087004
Domain Status: clientDeleteProhibited https://www.icann.org/epp#clientDeleteProhibited
Domain Status: clientTransferProhibited https://www.icann.org/epp#clientTransferProhibited
Domain Status: clientUpdateProhibited https://www.icann.org/epp#clientUpdateProhibited
Domain Status: serverDeleteProhibited https://www.icann.org/epp#serverDeleteProhibited
Domain Status: serverTransferProhibited https://www.icann.org/epp#serverTransferProhibited
Domain Status: serverUpdateProhibited https://www.icann.org/epp#serverUpdateProhibited
Registry Registrant ID: 
Registrant Name: Domain Admin
Registrant Organization: Facebook, Inc.
Registrant Street: 1601 Willow Rd 
Registrant City: Menlo Park
Registrant State/Province: CA
Registrant Postal Code: 94025
Registrant Country: US
Registrant Phone: +1.6505434800
Registrant Phone Ext:
Registrant Fax: +1.6505434800
Registrant Fax Ext:
Registrant Email: domain@fb.com
Registry Admin ID: 
Admin Name: Domain Admin
Admin Organization: Facebook, Inc.
Admin Street: 1601 Willow Rd 
Admin City: Menlo Park
Admin State/Province: CA
Admin Postal Code: 94025
Admin Country: US
Admin Phone: +1.6505434800
Admin Phone Ext:
Admin Fax: +1.6505434800
Admin Fax Ext:
Admin Email: domain@fb.com
Registry Tech ID: 
Tech Name: Domain Admin
Tech Organization: Facebook, Inc.
Tech Street: 1601 Willow Rd 
Tech City: Menlo Park
Tech State/Province: CA
Tech Postal Code: 94025
Tech Country: US
Tech Phone: +1.6505434800
Tech Phone Ext:
Tech Fax: +1.6505434800
Tech Fax Ext:
Tech Email: domain@fb.com
Name Server: B.NS.FACEBOOK.COM
Name Server: A.NS.FACEBOOK.COM
DNSSEC: unsigned
URL of the ICANN WHOIS Data Problem Reporting System: http://wdprs.internic.net/
>>> Last update of WHOIS database: 2019-05-27T04:45:58Z <<<

Search results obtained from the RegistrarSafe, LLC WHOIS database are
provided by RegistrarSafe, LLC for information purposes only, to assist
users in obtaining information concerning a domain name registration record.
The information contained therein is provided on an "as is" and "as available"
basis and RegistrarSafe, LLC does not guarantee the accuracy or completeness
of any information provided through the WHOIS database.  By submitting a WHOIS query,
you agree to the following: (1) that you will use any information provided through
the WHOIS only for lawful purposes; (2) that you will comply with all ICANN rules
and regulations governing use of the WHOIS; (3)  that you will not use any information
provided through the WHOIS to  enable, or otherwise cause the transmission of mass
unsolicited, commercial advertising or solicitations via e-mail (i.e., spam); or
(4) that you will not use the WHOIS to enable or otherwise utilize high volume,
automated, electronic processes that apply to or attach to RegistrarSafe, LLC or
its systems. RegistrarSafe, LLC reserves the right to modify these terms
at any time and to take any other appropriate actions, including but not limited to
restricting any access that violates these terms and conditions. By submitting this
query, you acknowledge and agree to abide by the foregoing terms, conditions and policies.

For more information on Whois status codes, please visit
    https://www.icann.org/resources/pages/epp-status-codes-2014-06-16-en.
   Domain Name: GOOGLE.COM
   Registry Domain ID: 2138514_DOMAIN_COM-VRSN
   Registrar WHOIS Server: whois.markmonitor.com
   Registrar URL: http://www.markmonitor.com
   Updated Date: 2018-02-21T18:36:40Z
   Creation Date: 1997-09-15T04:00:00Z
   Registry Expiry Date: 2020-09-14T04:00:00Z
   Registrar: MarkMonitor Inc.
   Registrar IANA ID: 292
   Registrar Abuse Contact Email: abusecomplaints@markmonitor.com
   Registrar Abuse Contact Phone: +1.2083895740
   Domain Status: clientDeleteProhibited https://icann.org/epp#clientDeleteProhibited
   Domain Status: clientTransferProhibited https://icann.org/epp#clientTransferProhibited
   Domain Status: clientUpdateProhibited https://icann.org/epp#clientUpdateProhibited
   Domain Status: serverDeleteProhibited https://icann.org/epp#serverDeleteProhibited
   Domain Status: serverTransferProhibited https://icann.org/epp#serverTransferProhibited
   Domain Status: serverUpdateProhibited https://icann.org/epp#serverUpdateProhibited
   Name Server: NS1.GOOGLE.COM
   Name Server: NS2.GOOGLE.COM
   Name Server: NS3.GOOGLE.COM
   Name Server: NS4.GOOGLE.COM
   DNSSEC: unsigned
   URL of the ICANN Whois Inaccuracy Complaint Form: https://www.icann.org/wicf/
>>> Last update of whois database: 2019-05-27T04:46:39Z <<<

For more information on Whois status codes, please visit https://icann.org/epp

NOTICE: The expiration date displayed in this record is the date the
registrar's sponsorship of the domain name registration in the registry is
currently set to expire. This date does not necessarily reflect the expiration
date of the domain name registrant's agreement with the sponsoring
registrar.  Users may consult the sponsoring registrar's Whois database to
view the registrar's reported date of expiration for this registration.

TERMS OF USE: You are not authorized to access or query our Whois
database through the use of electronic processes that are high-volume and
automated except as reasonably necessary to register domain names or
modify existing registrations; the Data in VeriSign Global Registry
Services' ("VeriSign") Whois database is provided by VeriSign for
information purposes only, and to assist persons in obtaining information
about or related to a domain name registration record. VeriSign does not
guarantee its accuracy. By submitting a Whois query, you agree to abide
by the following terms of use: You agree that you may use this Data only
for lawful purposes and that under no circumstances will you use this Data
to: (1) allow, enable, or otherwise support the transmission of mass
unsolicited, commercial advertising or solicitations via e-mail, telephone,
or facsimile; or (2) enable high volume, automated, electronic processes
that apply to VeriSign (or its computer systems). The compilation,
repackaging, dissemination or other use of this Data is expressly
prohibited without the prior written consent of VeriSign. You agree not to
use electronic processes that are automated and high-volume to access or
query the Whois database except as reasonably necessary to register
domain names or modify existing registrations. VeriSign reserves the right
to restrict your access to the Whois database in its sole discretion to ensure
operational stability.  VeriSign may restrict or terminate your access to the
Whois database for failure to abide by these terms of use. VeriSign
reserves the right to modify these terms at any time.

The Registry database contains ONLY .COM, .NET, .EDU domains and
Registrars.
Domain Name: google.com
Registry Domain ID: 2138514_DOMAIN_COM-VRSN
Registrar WHOIS Server: whois.markmonitor.com
Registrar URL: http://www.markmonitor.com
Updated Date: 2018-02-21T10:45:07-0800
Creation Date: 1997-09-15T00:00:00-0700
Registrar Registration Expiration Date: 2020-09-13T21:00:00-0700
Registrar: MarkMonitor, Inc.
Registrar IANA ID: 292
Registrar Abuse Contact Email: abusecomplaints@markmonitor.com
Registrar Abuse Contact Phone: +1.2083895740
Domain Status: clientUpdateProhibited (https://www.icann.org/epp#clientUpdateProhibited)
Domain Status: clientTransferProhibited (https://www.icann.org/epp#clientTransferProhibited)
Domain Status: clientDeleteProhibited (https://www.icann.org/epp#clientDeleteProhibited)
Domain Status: serverUpdateProhibited (https://www.icann.org/epp#serverUpdateProhibited)
Domain Status: serverTransferProhibited (https://www.icann.org/epp#serverTransferProhibited)
Domain Status: serverDeleteProhibited (https://www.icann.org/epp#serverDeleteProhibited)
Registrant Organization: Google LLC
Registrant State/Province: CA
Registrant Country: US
Admin Organization: Google LLC
Admin State/Province: CA
Admin Country: US
Tech Organization: Google LLC
Tech State/Province: CA
Tech Country: US
Name Server: ns4.google.com
Name Server: ns1.google.com
Name Server: ns3.google.com
Name Server: ns2.google.com
DNSSEC: unsigned
URL of the ICANN WHOIS Data Problem Reporting System: http://wdprs.internic.net/
>>> Last update of WHOIS database: 2019-05-26T21:39:02-0700 <<<

For more information on WHOIS status codes, please visit:
  https://www.icann.org/resources/pages/epp-status-codes

If you wish to contact this domain’s Registrant, Administrative, or Technical
contact, and such email address is not visible above, you may do so via our web
form, pursuant to ICANN’s Temporary Specification. To verify that you are not a
robot, please enter your email address to receive a link to a page that
facilitates email communication with the relevant contact(s).

Web-based WHOIS:
  https://domains.markmonitor.com/whois

If you have a legitimate interest in viewing the non-public WHOIS details, send
your request and the reasons for your request to whoisrequest@markmonitor.com
and specify the domain name in the subject line. We will review that request and
may ask for supporting documentation and explanation.

The data in MarkMonitor’s WHOIS database is provided for information purposes,
and to assist persons in obtaining information about or related to a domain
name’s registration record. While MarkMonitor believes the data to be accurate,
the data is provided "as is" with no guarantee or warranties regarding its
accuracy.

By submitting a WHOIS query, you agree that you will use this data only for
lawful purposes and that, under no circumstances will you use this data to:
  (1) allow, enable, or otherwise support the transmission by email, telephone,
or facsimile of mass, unsolicited, commercial advertising, or spam; or
  (2) enable high volume, automated, or electronic processes that send queries,
data, or email to MarkMonitor (or its systems) or the domain name contacts (or
its systems).

MarkMonitor.com reserves the right to modify these terms at any time.

By submitting this query, you agree to abide by this policy.

MarkMonitor is the Global Leader in Online Brand Protection.

MarkMonitor Domain Management(TM)
MarkMonitor Brand Protection(TM)
MarkMonitor AntiCounterfeiting(TM)
MarkMonitor AntiPiracy(TM)
MarkMonitor AntiFraud(TM)
Professional and Managed Services

Visit MarkMonitor at https://www.markmonitor.com
Contact us at +1.8007459229
In Europe, at +44.02032062220
--
